[debug] [2025-07-08T19:56:25.856Z] ----------------------------------------------------------------------
[debug] [2025-07-08T19:56:25.860Z] Command:       C:\Program Files\nodejs\node.exe C:\Users\RUSHIKESH\AppData\Roaming\npm\node_modules\firebase-tools\lib\bin\firebase.js init emulators
[debug] [2025-07-08T19:56:25.861Z] CLI Version:   13.29.1
[debug] [2025-07-08T19:56:25.861Z] Platform:      win32
[debug] [2025-07-08T19:56:25.862Z] Node Version:  v22.5.1
[debug] [2025-07-08T19:56:25.862Z] Time:          Wed Jul 09 2025 01:26:25 GMT+0530 (India Standard Time)
[debug] [2025-07-08T19:56:25.863Z] ----------------------------------------------------------------------
[debug] 
[debug] [2025-07-08T19:56:25.869Z] >>> [apiv2][query] GET https://firebase-public.firebaseio.com/cli.json [none]
[debug] [2025-07-08T19:56:25.939Z] > command requires scopes: ["email","openid","https://www.googleapis.com/auth/cloudplatformprojects.readonly","https://www.googleapis.com/auth/firebase","https://www.googleapis.com/auth/cloud-platform"]
[debug] [2025-07-08T19:56:25.939Z] > authorizing via signed-in user (rushikeshsatpute3558@gmail.com)
[info] 
     ######## #### ########  ######## ########     ###     ######  ########
     ##        ##  ##     ## ##       ##     ##  ##   ##  ##       ##
     ######    ##  ########  ######   ########  #########  ######  ######
     ##        ##  ##    ##  ##       ##     ## ##     ##       ## ##
     ##       #### ##     ## ######## ########  ##     ##  ######  ########

You're about to initialize a Firebase project in this directory:

  D:\Projects\MyApp

[debug] [2025-07-08T19:56:26.843Z] <<< [apiv2][status] GET https://firebase-public.firebaseio.com/cli.json 200
[debug] [2025-07-08T19:56:26.844Z] <<< [apiv2][body] GET https://firebase-public.firebaseio.com/cli.json {"cloudBuildErrorAfter":1594252800000,"cloudBuildWarnAfter":1590019200000,"defaultNode10After":1594252800000,"minVersion":"3.0.5","node8DeploysDisabledAfter":1613390400000,"node8RuntimeDisabledAfter":1615809600000,"node8WarnAfter":1600128000000}
[info] 
=== Project Setup
[info] 
[info] First, let's associate this project directory with a Firebase project.
[info] You can create multiple project aliases by running firebase use --add, 
[info] but for now we'll just set up a default project.
[info] 
[debug] [2025-07-08T19:56:41.449Z] Checked if tokens are valid: false, expires at: 1737421627282
[debug] [2025-07-08T19:56:41.449Z] Checked if tokens are valid: false, expires at: 1737421627282
[debug] [2025-07-08T19:56:41.449Z] > refreshing access token with scopes: []
[debug] [2025-07-08T19:56:41.450Z] >>> [apiv2][query] POST https://www.googleapis.com/oauth2/v3/token [none]
[debug] [2025-07-08T19:56:41.451Z] >>> [apiv2][body] POST https://www.googleapis.com/oauth2/v3/token [omitted]
[debug] [2025-07-08T19:56:41.735Z] <<< [apiv2][status] POST https://www.googleapis.com/oauth2/v3/token 400
[debug] [2025-07-08T19:56:41.736Z] <<< [apiv2][body] POST https://www.googleapis.com/oauth2/v3/token [omitted]
[debug] [2025-07-08T19:56:41.737Z] >>> [apiv2][query] GET https://firebase.googleapis.com/v1beta1/projects pageSize=100
[debug] [2025-07-08T19:56:42.410Z] <<< [apiv2][status] GET https://firebase.googleapis.com/v1beta1/projects 401
[debug] [2025-07-08T19:56:42.410Z] <<< [apiv2][body] GET https://firebase.googleapis.com/v1beta1/projects [omitted]
[debug] [2025-07-08T19:56:42.410Z] Got a 401 Unauthenticated error for a call that required authentication. Refreshing tokens.
[debug] [2025-07-08T19:56:42.411Z] Checked if tokens are valid: false, expires at: 1737421627282
[debug] [2025-07-08T19:56:42.411Z] Checked if tokens are valid: false, expires at: 1737421627282
[debug] [2025-07-08T19:56:42.411Z] > refreshing access token with scopes: []
[debug] [2025-07-08T19:56:42.411Z] >>> [apiv2][query] POST https://www.googleapis.com/oauth2/v3/token [none]
[debug] [2025-07-08T19:56:42.411Z] >>> [apiv2][body] POST https://www.googleapis.com/oauth2/v3/token [omitted]
[debug] [2025-07-08T19:56:42.610Z] <<< [apiv2][status] POST https://www.googleapis.com/oauth2/v3/token 400
[debug] [2025-07-08T19:56:42.610Z] <<< [apiv2][body] POST https://www.googleapis.com/oauth2/v3/token [omitted]
[debug] [2025-07-08T19:56:42.611Z] Request to https://firebase.googleapis.com/v1beta1/projects?pageSize=100 had HTTP Error: 401, Request had invalid authentication credentials. Expected OAuth 2 access token, login cookie or other valid authentication credential. See https://developers.google.com/identity/sign-in/web/devconsole-project.
[debug] [2025-07-08T19:56:43.496Z] FirebaseError: Request to https://firebase.googleapis.com/v1beta1/projects?pageSize=100 had HTTP Error: 401, Request had invalid authentication credentials. Expected OAuth 2 access token, login cookie or other valid authentication credential. See https://developers.google.com/identity/sign-in/web/devconsole-project.
    at responseToError (C:\Users\RUSHIKESH\AppData\Roaming\npm\node_modules\firebase-tools\lib\responseToError.js:52:12)
    at RetryOperation._fn (C:\Users\RUSHIKESH\AppData\Roaming\npm\node_modules\firebase-tools\lib\apiv2.js:312:77)
    at process.processTicksAndRejections (node:internal/process/task_queues:95:5)
[error] 
[error] Error: Failed to list Firebase projects. See firebase-debug.log for more info.
[debug] [2025-07-08T19:57:00.260Z] ----------------------------------------------------------------------
[debug] [2025-07-08T19:57:00.264Z] Command:       C:\Program Files\nodejs\node.exe C:\Users\RUSHIKESH\AppData\Roaming\npm\node_modules\firebase-tools\lib\bin\firebase.js init emulators
[debug] [2025-07-08T19:57:00.265Z] CLI Version:   13.29.1
[debug] [2025-07-08T19:57:00.265Z] Platform:      win32
[debug] [2025-07-08T19:57:00.265Z] Node Version:  v22.5.1
[debug] [2025-07-08T19:57:00.265Z] Time:          Wed Jul 09 2025 01:27:00 GMT+0530 (India Standard Time)
[debug] [2025-07-08T19:57:00.266Z] ----------------------------------------------------------------------
[debug] 
[debug] [2025-07-08T19:57:00.277Z] > command requires scopes: ["email","openid","https://www.googleapis.com/auth/cloudplatformprojects.readonly","https://www.googleapis.com/auth/firebase","https://www.googleapis.com/auth/cloud-platform"]
[debug] [2025-07-08T19:57:00.277Z] > authorizing via signed-in user (rushikeshsatpute3558@gmail.com)
[info] 
     ######## #### ########  ######## ########     ###     ######  ########
     ##        ##  ##     ## ##       ##     ##  ##   ##  ##       ##
     ######    ##  ########  ######   ########  #########  ######  ######
     ##        ##  ##    ##  ##       ##     ## ##     ##       ## ##
     ##       #### ##     ## ######## ########  ##     ##  ######  ########

You're about to initialize a Firebase project in this directory:

  D:\Projects\MyApp

[info] 
=== Project Setup
[info] 
[info] First, let's associate this project directory with a Firebase project.
[info] You can create multiple project aliases by running firebase use --add, 
[info] but for now we'll just set up a default project.
[info] 
[debug] [2025-07-08T19:57:13.370Z] Checked if tokens are valid: false, expires at: 1737421627282
[debug] [2025-07-08T19:57:13.370Z] Checked if tokens are valid: false, expires at: 1737421627282
[debug] [2025-07-08T19:57:13.371Z] > refreshing access token with scopes: []
[debug] [2025-07-08T19:57:13.373Z] >>> [apiv2][query] POST https://www.googleapis.com/oauth2/v3/token [none]
[debug] [2025-07-08T19:57:13.373Z] >>> [apiv2][body] POST https://www.googleapis.com/oauth2/v3/token [omitted]
[debug] [2025-07-08T19:57:13.703Z] <<< [apiv2][status] POST https://www.googleapis.com/oauth2/v3/token 400
[debug] [2025-07-08T19:57:13.703Z] <<< [apiv2][body] POST https://www.googleapis.com/oauth2/v3/token [omitted]
[debug] [2025-07-08T19:57:13.704Z] >>> [apiv2][query] GET https://firebase.googleapis.com/v1beta1/projects pageSize=100
[debug] [2025-07-08T19:57:14.359Z] <<< [apiv2][status] GET https://firebase.googleapis.com/v1beta1/projects 401
[debug] [2025-07-08T19:57:14.360Z] <<< [apiv2][body] GET https://firebase.googleapis.com/v1beta1/projects [omitted]
[debug] [2025-07-08T19:57:14.360Z] Got a 401 Unauthenticated error for a call that required authentication. Refreshing tokens.
[debug] [2025-07-08T19:57:14.360Z] Checked if tokens are valid: false, expires at: 1737421627282
[debug] [2025-07-08T19:57:14.360Z] Checked if tokens are valid: false, expires at: 1737421627282
[debug] [2025-07-08T19:57:14.360Z] > refreshing access token with scopes: []
[debug] [2025-07-08T19:57:14.360Z] >>> [apiv2][query] POST https://www.googleapis.com/oauth2/v3/token [none]
[debug] [2025-07-08T19:57:14.361Z] >>> [apiv2][body] POST https://www.googleapis.com/oauth2/v3/token [omitted]
[debug] [2025-07-08T19:57:14.499Z] <<< [apiv2][status] POST https://www.googleapis.com/oauth2/v3/token 400
[debug] [2025-07-08T19:57:14.499Z] <<< [apiv2][body] POST https://www.googleapis.com/oauth2/v3/token [omitted]
[debug] [2025-07-08T19:57:14.500Z] Request to https://firebase.googleapis.com/v1beta1/projects?pageSize=100 had HTTP Error: 401, Request had invalid authentication credentials. Expected OAuth 2 access token, login cookie or other valid authentication credential. See https://developers.google.com/identity/sign-in/web/devconsole-project.
[debug] [2025-07-08T19:57:14.770Z] FirebaseError: Request to https://firebase.googleapis.com/v1beta1/projects?pageSize=100 had HTTP Error: 401, Request had invalid authentication credentials. Expected OAuth 2 access token, login cookie or other valid authentication credential. See https://developers.google.com/identity/sign-in/web/devconsole-project.
    at responseToError (C:\Users\RUSHIKESH\AppData\Roaming\npm\node_modules\firebase-tools\lib\responseToError.js:52:12)
    at RetryOperation._fn (C:\Users\RUSHIKESH\AppData\Roaming\npm\node_modules\firebase-tools\lib\apiv2.js:312:77)
    at process.processTicksAndRejections (node:internal/process/task_queues:95:5)
[error] 
[error] Error: Failed to list Firebase projects. See firebase-debug.log for more info.
